<?xml version="1.0" encoding="UTF-8"?>
<!-- Generated by org.testng.reporters.JUnitXMLReporter -->
<testsuite ignored="0" hostname="DESKTOP-JRPDF9J" failures="0" tests="4" name="getUsers" time="7.535" errors="0" timestamp="2024-12-18T18:27:53 IST">
  <testcase classname="day1.HttpReq" name="getUsers" time="5.417"/>
  <testcase classname="day1.HttpReq" name="CreateUser" time="1.109"/>
  <testcase classname="day1.HttpReq" name="UpdateUser" time="0.431"/>
  <testcase classname="day1.HttpReq" name="DeleteUser" time="0.482"/>
</testsuite> <!-- getUsers -->
