<?xml version="1.0" encoding="UTF-8"?>
<testng-results ignored="0" total="1" passed="1" failed="0" skipped="0">
  <reporter-output>
  </reporter-output>
  <suite started-at="2024-12-17T22:56:39 IST" name="Default suite" finished-at="2024-12-17T22:56:42 IST" duration-ms="2693">
    <groups>
    </groups>
    <test started-at="2024-12-17T22:56:39 IST" name="Default test" finished-at="2024-12-17T22:56:42 IST" duration-ms="2693">
      <class name="day2.httpReq2">
        <test-method signature="testCreateRecord()[pri:0, instance:day2.httpReq2@769f71a9]" started-at="2024-12-17T22:56:39 IST" name="testCreateRecord" finished-at="2024-12-17T22:56:42 IST" duration-ms="2651" status="PASS">
          <reporter-output>
          </reporter-output>
        </test-method> <!-- testCreateRecord -->
      </class> <!-- day2.httpReq2 -->
    </test> <!-- Default test -->
  </suite> <!-- Default suite -->
</testng-results>
