<?xml version="1.0" encoding="UTF-8"?>
<testng-results ignored="0" total="4" passed="4" failed="0" skipped="0">
  <reporter-output>
  </reporter-output>
  <suite started-at="2024-12-18T18:27:45 IST" name="Suite" finished-at="2024-12-18T18:27:53 IST" duration-ms="7535">
    <groups>
    </groups>
    <test started-at="2024-12-18T18:27:45 IST" name="getUsers" finished-at="2024-12-18T18:27:53 IST" duration-ms="7535">
      <class name="day1.HttpReq">
        <test-method signature="getUsers()[pri:1, instance:day1.HttpReq@5ae50ce6]" started-at="2024-12-18T18:27:45 IST" name="getUsers" finished-at="2024-12-18T18:27:51 IST" duration-ms="5417" status="PASS">
          <reporter-output>
          </reporter-output>
        </test-method> <!-- getUsers -->
        <test-method signature="CreateUser()[pri:2, instance:day1.HttpReq@5ae50ce6]" started-at="2024-12-18T18:27:51 IST" name="CreateUser" finished-at="2024-12-18T18:27:52 IST" duration-ms="1109" status="PASS">
          <reporter-output>
          </reporter-output>
        </test-method> <!-- CreateUser -->
        <test-method signature="UpdateUser()[pri:3, instance:day1.HttpReq@5ae50ce6]" started-at="2024-12-18T18:27:52 IST" name="UpdateUser" finished-at="2024-12-18T18:27:52 IST" depends-on-methods="day1.HttpReq.CreateUser" duration-ms="431" status="PASS">
          <reporter-output>
          </reporter-output>
        </test-method> <!-- UpdateUser -->
        <test-method signature="DeleteUser()[pri:4, instance:day1.HttpReq@5ae50ce6]" started-at="2024-12-18T18:27:52 IST" name="DeleteUser" finished-at="2024-12-18T18:27:53 IST" depends-on-methods="day1.HttpReq.CreateUser, day1.HttpReq.UpdateUser" duration-ms="482" status="PASS">
          <reporter-output>
          </reporter-output>
        </test-method> <!-- DeleteUser -->
      </class> <!-- day1.HttpReq -->
    </test> <!-- getUsers -->
  </suite> <!-- Suite -->
</testng-results>
